TUAQC LJHFJ AJQOF YBZLW VSI
EPUEG WSPDQ MVKIE ORQCZ SUW
THKJK BDNHK WXHQC DQHBM CHAYQ JFM
HJLAG FCBNY HNCFM YKOLO QZ
XZGBN TLACK CSULZ UUVLP RJB
YQWXR PAMOR QYMBV ZTVDL QKK
PEHSM RMHRQ ZHOKQ WUMXZ SYR
BWTWH CHPXZ TJANM HAFKJ YHCZ
TCTQC GCIO
HXZRX XEYXB SBJSW PROEM YR
YEFHR WKYRH
NXFID ZTOKA LDEXC BGLRJ CQ
DCGZL UBACJ GKKYA UIUMX UFL

NRMYQ DMPTW VIBRV TCQZS UIA
KZJSD BFKBW PUAAL YYMTI USP
JKDFV FWGXH TUNDY LFEWR NPFMH GUW
NQJWJ OFCVZ QTQOX ZFUMW AF
OYJIK RGUKC HZFIA GQSMM SAA
ODRKM MSUHH BBWVM OBOEI EXA
RVPLL LXJYY LZVBB RSONK HGZ
MIVFK ROACY ORHMA SRJPP ZUVD
CWZRB QLXB
CADVB FTKHK PYHQZ SWMPB BZ
MQEST CBFTE
CUMSA EELXE QJBUE YOSAL XR
HVNQO NDHWU SHLRQ IYZQG XPM
