VUSZK MAGXK OSXCG ZVDGY CQI
ZIZBI YHFCP XGKXU KPNWX KFK
AWKHE BLXKU NKPST DVBTJ UJYJL CZR
HTMCH ROHCM VXMRG KWQKJ FG
KUCCB UXPVB IBYDY TECBK OIO
HBHAQ GFQKZ VONME JYVNR MFW
EIDYK NWPGI RFMYG BJYHI IDT
XTFYV QRVOW ZNPDG AVVIX DDNW
UGUYM DMJR
OOPHM QCDGB UUIUQ PONWU LW
UAHBM RHWAX
MTLCD WSQJJ XRVVC UZGWN TY
VWCKB ZTEYP YIIXS NZFYJ JTP

FROMH ITOBA XLDER HIAWA THA
TOOKT HECAG VQIAF ROSEW OOD
MADEO FSLID INWWY ZXGNG ROSEW OOD
NEATL YPUTI BUEEM CGETH ER
INITS CASEI TLAYB NSFUI TLY
FOLDE DINTO NEARL YNUUG ZRN
BUTHE OPENE DOUTT HEHIN FCW
VJLHE DANDP ULLED THEJO INTY
NCRHG NGES
TILLI TLOOK EDALL SNYNH YL
ANDOB LONGS
LIKEA COMPL RTXMO WFIGU RE
INTHE SECON DBOOW UOQID LID
